export/release/android/bin/deps/extension-api/build/intermediates/manifest_merge_blame_file/debug/manifest-merger-blame-debug-report.txt
1<?xml version="1.0" encoding="utf-8"?>
2<manifest xmlns:android="http://schemas.android.com/apk/res/android"
3    package="org.haxe.extension" >
4
5    <uses-sdk android:minSdkVersion="4" />
5-->src\main\AndroidManifest.xml:4:5-43
5-->src\main\AndroidManifest.xml:4:15-40
6
7</manifest>